Arguments: 
  C:\Program Files\nodejs\node.exe C:\Users\HP\AppData\Roaming\npm\node_modules\yarn\bin\yarn.js install

PATH: 
  C:\WINDOWS\system32;C:\WINDOWS;C:\WINDOWS\System32\Wbem;C:\WINDOWS\System32\WindowsPowerShell\v1.0\;C:\WINDOWS\System32\OpenSSH\;C:\Program Files\nodejs\;C:\Program Files (x86)\Git\cmd;C:\Users\HP\AppData\Local\Microsoft\WindowsApps;C:\Users\HP\AppData\Local\GitHubDesktop\bin;C:\Users\HP\AppData\Roaming\npm;C:\Users\HP\AppData\Local\Programs\Microsoft VS Code\bin;

Yarn version: 
  1.22.17

Node version: 
  16.13.2

Platform: 
  win32 x64

Trace: 
  Error: https://registry.yarnpkg.com/core-js/-/core-js-2.6.12.tgz: ESOCKETTIMEDOUT
      at ClientRequest.<anonymous> (C:\Users\HP\AppData\Roaming\npm\node_modules\yarn\lib\cli.js:141510:19)
      at Object.onceWrapper (node:events:509:28)
      at ClientRequest.emit (node:events:390:28)
      at TLSSocket.emitRequestTimeout (node:_http_client:763:9)
      at Object.onceWrapper (node:events:509:28)
      at TLSSocket.emit (node:events:402:35)
      at TLSSocket.Socket._onTimeout (node:net:501:8)
      at listOnTimeout (node:internal/timers:557:17)
      at processTimers (node:internal/timers:500:7)

npm manifest: 
  {
    "name": "TipCalc",
    "version": "0.1.0",
    "private": true,
    "devDependencies": {
      "react-native-scripts": "0.0.50",
      "jest-expo": "~18.0.0",
      "react-test-renderer": "16.0.0-alpha.12"
    },
    "main": "./node_modules/react-native-scripts/build/bin/crna-entry.js",
    "scripts": {
      "start": "react-native-scripts start",
      "eject": "react-native-scripts eject",
      "android": "react-native-scripts android",
      "ios": "react-native-scripts ios",
      "test": "node node_modules/jest/bin/jest.js --watch"
    },
    "jest": {
      "preset": "jest-expo"
    },
    "dependencies": {
      "expo": "^18.0.3",
      "react": "16.0.0-alpha.12",
      "react-native": "^0.45.1"
    }
  }

yarn manifest: 
  No manifest

Lockfile: 
  No lockfile
